<?xml version="1.0" encoding="UTF-8"?>
<testng-results ignored="0" total="2" passed="2" failed="0" skipped="0">
  <reporter-output>
  </reporter-output>
  <suite started-at="2023-08-16T09:07:08 IST" name="Suite" finished-at="2023-08-16T09:07:16 IST" duration-ms="8159">
    <groups>
      <group name="Master">
        <method signature="TC_001_AccountRegistration.Test_accountRegistration()[pri:0, instance:testCases.TC_001_AccountRegistration@52bf72b5]" name="Test_accountRegistration" class="testCases.TC_001_AccountRegistration"/>
        <method signature="TC_002_LoginTest.logintest()[pri:0, instance:testCases.TC_002_LoginTest@16293aa2]" name="logintest" class="testCases.TC_002_LoginTest"/>
      </group> <!-- Master -->
      <group name="Sanity">
        <method signature="TC_002_LoginTest.logintest()[pri:0, instance:testCases.TC_002_LoginTest@16293aa2]" name="logintest" class="testCases.TC_002_LoginTest"/>
      </group> <!-- Sanity -->
      <group name="Regression">
        <method signature="TC_001_AccountRegistration.Test_accountRegistration()[pri:0, instance:testCases.TC_001_AccountRegistration@52bf72b5]" name="Test_accountRegistration" class="testCases.TC_001_AccountRegistration"/>
      </group> <!-- Regression -->
    </groups>
    <test started-at="2023-08-16T09:07:08 IST" name="Chrometest" finished-at="2023-08-16T09:07:16 IST" duration-ms="8159">
      <class name="testCases.TC_002_LoginTest">
        <test-method is-config="true" signature="setup(java.lang.String)[pri:0, instance:testCases.TC_002_LoginTest@16293aa2]" started-at="2023-08-16T09:07:13 IST" name="setup" finished-at="2023-08-16T09:07:15 IST" duration-ms="1970" status="PASS">
          <params>
            <param index="0">
              <value>
                <![CDATA[chrome]]>
              </value>
            </param>
          </params>
          <reporter-output>
          </reporter-output>
        </test-method> <!-- setup -->
        <test-method signature="logintest()[pri:0, instance:testCases.TC_002_LoginTest@16293aa2]" started-at="2023-08-16T09:07:15 IST" name="logintest" finished-at="2023-08-16T09:07:16 IST" duration-ms="965" status="PASS">
          <reporter-output>
          </reporter-output>
        </test-method> <!-- logintest -->
        <test-method is-config="true" signature="tearDown()[pri:0, instance:testCases.TC_002_LoginTest@16293aa2]" started-at="2023-08-16T09:07:16 IST" name="tearDown" finished-at="2023-08-16T09:07:16 IST" duration-ms="121" status="PASS">
          <reporter-output>
          </reporter-output>
        </test-method> <!-- tearDown -->
      </class> <!-- testCases.TC_002_LoginTest -->
      <class name="testCases.TC_001_AccountRegistration">
        <test-method is-config="true" signature="setup(java.lang.String)[pri:0, instance:testCases.TC_001_AccountRegistration@52bf72b5]" started-at="2023-08-16T09:07:08 IST" name="setup" finished-at="2023-08-16T09:07:11 IST" duration-ms="3434" status="PASS">
          <params>
            <param index="0">
              <value>
                <![CDATA[chrome]]>
              </value>
            </param>
          </params>
          <reporter-output>
          </reporter-output>
        </test-method> <!-- setup -->
        <test-method signature="Test_accountRegistration()[pri:0, instance:testCases.TC_001_AccountRegistration@52bf72b5]" started-at="2023-08-16T09:07:11 IST" name="Test_accountRegistration" finished-at="2023-08-16T09:07:13 IST" duration-ms="1339" status="PASS">
          <reporter-output>
          </reporter-output>
        </test-method> <!-- Test_accountRegistration -->
        <test-method is-config="true" signature="tearDown()[pri:0, instance:testCases.TC_001_AccountRegistration@52bf72b5]" started-at="2023-08-16T09:07:13 IST" name="tearDown" finished-at="2023-08-16T09:07:13 IST" duration-ms="125" status="PASS">
          <reporter-output>
          </reporter-output>
        </test-method> <!-- tearDown -->
      </class> <!-- testCases.TC_001_AccountRegistration -->
    </test> <!-- Chrometest -->
  </suite> <!-- Suite -->
</testng-results>
